14:42:41 INFO  [] - Slf4jLogger started
14:42:41 ERROR [akka://CheckpointingTransactionalEntityTest/user] - Default journal plugin is not configured, see 'reference.conf'
akka.actor.ActorInitializationException: akka://CheckpointingTransactionalEntityTest/user/$a: exception during creation, root cause message: [Default journal plugin is not configured, see 'reference.conf']
	at akka.actor.ActorInitializationException$.apply(Actor.scala:196)
	at akka.actor.ActorCell.create(ActorCell.scala:668)
	at akka.actor.ActorCell.invokeAll$1(ActorCell.scala:513)
	at akka.actor.ActorCell.systemInvoke(ActorCell.scala:535)
	at akka.dispatch.Mailbox.processAllSystemMessages(Mailbox.scala:295)
	at akka.dispatch.Mailbox.run(Mailbox.scala:230)
	at akka.dispatch.Mailbox.exec(Mailbox.scala:243)
	at java.base/java.util.concurrent.ForkJoinTask.doExec(ForkJoinTask.java:373)
	at java.base/java.util.concurrent.ForkJoinPool$WorkQueue.topLevelExec(ForkJoinPool.java:1182)
	at java.base/java.util.concurrent.ForkJoinPool.scan(ForkJoinPool.java:1655)
	at java.base/java.util.concurrent.ForkJoinPool.runWorker(ForkJoinPool.java:1622)
	at java.base/java.util.concurrent.ForkJoinWorkerThread.run(ForkJoinWorkerThread.java:165)
Caused by: java.lang.IllegalArgumentException: Default journal plugin is not configured, see 'reference.conf'
	at akka.persistence.Persistence$.verifyPluginConfigIsDefined(Persistence.scala:187)
	at akka.persistence.typed.internal.EventSourcedSettings$.defaultJournalPluginId$1(EventSourcedSettings.scala:61)
	at akka.persistence.typed.internal.EventSourcedSettings$.journalConfigFor(EventSourcedSettings.scala:65)
	at akka.persistence.typed.internal.EventSourcedSettings$.apply(EventSourcedSettings.scala:40)
	at akka.persistence.typed.internal.EventSourcedSettings$.apply(EventSourcedSettings.scala:23)
	at akka.persistence.typed.internal.EventSourcedBehaviorImpl.apply(EventSourcedBehaviorImpl.scala:125)
	at akka.actor.typed.Behavior$.start(Behavior.scala:168)
	at akka.actor.typed.internal.adapter.ActorAdapter.preStart(ActorAdapter.scala:290)
	at akka.actor.Actor.aroundPreStart(Actor.scala:548)
	at akka.actor.Actor.aroundPreStart$(Actor.scala:548)
	at akka.actor.typed.internal.adapter.ActorAdapter.aroundPreStart(ActorAdapter.scala:265)
	at akka.actor.ActorCell.create(ActorCell.scala:643)
	... 10 common frames omitted
14:52:14 INFO  [] - Slf4jLogger started
14:52:14 ERROR [akka://CheckpointingTransactionalEntityTest/user] - Default journal plugin is not configured, see 'reference.conf'
akka.actor.ActorInitializationException: akka://CheckpointingTransactionalEntityTest/user/$a: exception during creation, root cause message: [Default journal plugin is not configured, see 'reference.conf']
	at akka.actor.ActorInitializationException$.apply(Actor.scala:196)
	at akka.actor.ActorCell.create(ActorCell.scala:668)
	at akka.actor.ActorCell.invokeAll$1(ActorCell.scala:513)
	at akka.actor.ActorCell.systemInvoke(ActorCell.scala:535)
	at akka.dispatch.Mailbox.processAllSystemMessages(Mailbox.scala:295)
	at akka.dispatch.Mailbox.run(Mailbox.scala:230)
	at akka.dispatch.Mailbox.exec(Mailbox.scala:243)
	at java.base/java.util.concurrent.ForkJoinTask.doExec(ForkJoinTask.java:373)
	at java.base/java.util.concurrent.ForkJoinPool$WorkQueue.topLevelExec(ForkJoinPool.java:1182)
	at java.base/java.util.concurrent.ForkJoinPool.scan(ForkJoinPool.java:1655)
	at java.base/java.util.concurrent.ForkJoinPool.runWorker(ForkJoinPool.java:1622)
	at java.base/java.util.concurrent.ForkJoinWorkerThread.run(ForkJoinWorkerThread.java:165)
Caused by: java.lang.IllegalArgumentException: Default journal plugin is not configured, see 'reference.conf'
	at akka.persistence.Persistence$.verifyPluginConfigIsDefined(Persistence.scala:187)
	at akka.persistence.typed.internal.EventSourcedSettings$.defaultJournalPluginId$1(EventSourcedSettings.scala:61)
	at akka.persistence.typed.internal.EventSourcedSettings$.journalConfigFor(EventSourcedSettings.scala:65)
	at akka.persistence.typed.internal.EventSourcedSettings$.apply(EventSourcedSettings.scala:40)
	at akka.persistence.typed.internal.EventSourcedSettings$.apply(EventSourcedSettings.scala:23)
	at akka.persistence.typed.internal.EventSourcedBehaviorImpl.apply(EventSourcedBehaviorImpl.scala:125)
	at akka.actor.typed.Behavior$.start(Behavior.scala:168)
	at akka.actor.typed.internal.adapter.ActorAdapter.preStart(ActorAdapter.scala:290)
	at akka.actor.Actor.aroundPreStart(Actor.scala:548)
	at akka.actor.Actor.aroundPreStart$(Actor.scala:548)
	at akka.actor.typed.internal.adapter.ActorAdapter.aroundPreStart(ActorAdapter.scala:265)
	at akka.actor.ActorCell.create(ActorCell.scala:643)
	... 10 common frames omitted
14:53:10 INFO  [] - Slf4jLogger started
14:53:10 ERROR [akka://CheckpointingTransactionalEntityTest/user] - Default journal plugin is not configured, see 'reference.conf'
akka.actor.ActorInitializationException: akka://CheckpointingTransactionalEntityTest/user/$a: exception during creation, root cause message: [Default journal plugin is not configured, see 'reference.conf']
	at akka.actor.ActorInitializationException$.apply(Actor.scala:196)
	at akka.actor.ActorCell.create(ActorCell.scala:668)
	at akka.actor.ActorCell.invokeAll$1(ActorCell.scala:513)
	at akka.actor.ActorCell.systemInvoke(ActorCell.scala:535)
	at akka.dispatch.Mailbox.processAllSystemMessages(Mailbox.scala:295)
	at akka.dispatch.Mailbox.run(Mailbox.scala:230)
	at akka.dispatch.Mailbox.exec(Mailbox.scala:243)
	at java.base/java.util.concurrent.ForkJoinTask.doExec(ForkJoinTask.java:373)
	at java.base/java.util.concurrent.ForkJoinPool$WorkQueue.topLevelExec(ForkJoinPool.java:1182)
	at java.base/java.util.concurrent.ForkJoinPool.scan(ForkJoinPool.java:1655)
	at java.base/java.util.concurrent.ForkJoinPool.runWorker(ForkJoinPool.java:1622)
	at java.base/java.util.concurrent.ForkJoinWorkerThread.run(ForkJoinWorkerThread.java:165)
Caused by: java.lang.IllegalArgumentException: Default journal plugin is not configured, see 'reference.conf'
	at akka.persistence.Persistence$.verifyPluginConfigIsDefined(Persistence.scala:187)
	at akka.persistence.typed.internal.EventSourcedSettings$.defaultJournalPluginId$1(EventSourcedSettings.scala:61)
	at akka.persistence.typed.internal.EventSourcedSettings$.journalConfigFor(EventSourcedSettings.scala:65)
	at akka.persistence.typed.internal.EventSourcedSettings$.apply(EventSourcedSettings.scala:40)
	at akka.persistence.typed.internal.EventSourcedSettings$.apply(EventSourcedSettings.scala:23)
	at akka.persistence.typed.internal.EventSourcedBehaviorImpl.apply(EventSourcedBehaviorImpl.scala:125)
	at akka.actor.typed.Behavior$.start(Behavior.scala:168)
	at akka.actor.typed.internal.adapter.ActorAdapter.preStart(ActorAdapter.scala:290)
	at akka.actor.Actor.aroundPreStart(Actor.scala:548)
	at akka.actor.Actor.aroundPreStart$(Actor.scala:548)
	at akka.actor.typed.internal.adapter.ActorAdapter.aroundPreStart(ActorAdapter.scala:265)
	at akka.actor.ActorCell.create(ActorCell.scala:643)
	... 10 common frames omitted
14:57:02 INFO  [] - Slf4jLogger started
14:57:03 ERROR [akka://CheckpointingTransactionalEntityTest/user] - Default journal plugin is not configured, see 'reference.conf'
akka.actor.ActorInitializationException: akka://CheckpointingTransactionalEntityTest/user/$a: exception during creation, root cause message: [Default journal plugin is not configured, see 'reference.conf']
	at akka.actor.ActorInitializationException$.apply(Actor.scala:196)
	at akka.actor.ActorCell.create(ActorCell.scala:668)
	at akka.actor.ActorCell.invokeAll$1(ActorCell.scala:513)
	at akka.actor.ActorCell.systemInvoke(ActorCell.scala:535)
	at akka.dispatch.Mailbox.processAllSystemMessages(Mailbox.scala:295)
	at akka.dispatch.Mailbox.run(Mailbox.scala:230)
	at akka.dispatch.Mailbox.exec(Mailbox.scala:243)
	at java.base/java.util.concurrent.ForkJoinTask.doExec(ForkJoinTask.java:373)
	at java.base/java.util.concurrent.ForkJoinPool$WorkQueue.topLevelExec(ForkJoinPool.java:1182)
	at java.base/java.util.concurrent.ForkJoinPool.scan(ForkJoinPool.java:1655)
	at java.base/java.util.concurrent.ForkJoinPool.runWorker(ForkJoinPool.java:1622)
	at java.base/java.util.concurrent.ForkJoinWorkerThread.run(ForkJoinWorkerThread.java:165)
Caused by: java.lang.IllegalArgumentException: Default journal plugin is not configured, see 'reference.conf'
	at akka.persistence.Persistence$.verifyPluginConfigIsDefined(Persistence.scala:187)
	at akka.persistence.typed.internal.EventSourcedSettings$.defaultJournalPluginId$1(EventSourcedSettings.scala:61)
	at akka.persistence.typed.internal.EventSourcedSettings$.journalConfigFor(EventSourcedSettings.scala:65)
	at akka.persistence.typed.internal.EventSourcedSettings$.apply(EventSourcedSettings.scala:40)
	at akka.persistence.typed.internal.EventSourcedSettings$.apply(EventSourcedSettings.scala:23)
	at akka.persistence.typed.internal.EventSourcedBehaviorImpl.apply(EventSourcedBehaviorImpl.scala:125)
	at akka.actor.typed.Behavior$.start(Behavior.scala:168)
	at akka.actor.typed.internal.adapter.ActorAdapter.preStart(ActorAdapter.scala:290)
	at akka.actor.Actor.aroundPreStart(Actor.scala:548)
	at akka.actor.Actor.aroundPreStart$(Actor.scala:548)
	at akka.actor.typed.internal.adapter.ActorAdapter.aroundPreStart(ActorAdapter.scala:265)
	at akka.actor.ActorCell.create(ActorCell.scala:643)
	... 10 common frames omitted
14:59:22 INFO  [] - Slf4jLogger started
